Traceback (most recent call last):
  File "/opt/hostedtoolcache/Python/3.12.11/x64/lib/python3.12/site-packages/jupyter_core/utils/__init__.py", line 154, in wrapped
    asyncio.get_running_loop()
RuntimeError: no running event loop

During handling of the above exception, another exception occurred:

Traceback (most recent call last):
  File "/opt/hostedtoolcache/Python/3.12.11/x64/lib/python3.12/site-packages/jupyter_cache/executors/utils.py", line 58, in single_nb_execution
    executenb(
  File "/opt/hostedtoolcache/Python/3.12.11/x64/lib/python3.12/site-packages/nbclient/client.py", line 1319, in execute
    return NotebookClient(nb=nb, resources=resources, km=km, **kwargs).execute()
           ^^^^^^^^^^^^^^^^^^^^^^^^^^^^^^^^^^^^^^^^^^^^^^^^^^^^^^^^^^^^^^^^^^^^^
  File "/opt/hostedtoolcache/Python/3.12.11/x64/lib/python3.12/site-packages/jupyter_core/utils/__init__.py", line 158, in wrapped
    return loop.run_until_complete(inner)
           ^^^^^^^^^^^^^^^^^^^^^^^^^^^^^^
  File "/opt/hostedtoolcache/Python/3.12.11/x64/lib/python3.12/asyncio/base_events.py", line 691, in run_until_complete
    return future.result()
           ^^^^^^^^^^^^^^^
  File "/opt/hostedtoolcache/Python/3.12.11/x64/lib/python3.12/site-packages/nbclient/client.py", line 709, in async_execute
    await self.async_execute_cell(
  File "/opt/hostedtoolcache/Python/3.12.11/x64/lib/python3.12/site-packages/nbclient/client.py", line 1062, in async_execute_cell
    await self._check_raise_for_error(cell, cell_index, exec_reply)
  File "/opt/hostedtoolcache/Python/3.12.11/x64/lib/python3.12/site-packages/nbclient/client.py", line 918, in _check_raise_for_error
    raise CellExecutionError.from_cell_and_msg(cell, exec_reply_content)
nbclient.exceptions.CellExecutionError: An error occurred while executing the following cell:
------------------
import datetime
import pandas as pd
from socio4health import Extractor
from socio4health.enums.data_info_enum import BraColnamesEnum, BraColspecsEnum
from socio4health.harmonizer import Harmonizer
from socio4health.utils import harmonizer_utils
------------------


[31m---------------------------------------------------------------------------[39m
[31mValueError[39m                                Traceback (most recent call last)
[36mCell[39m[36m [39m[32mIn[2][39m[32m, line 2[39m
[32m      1[39m [38;5;28;01mimport[39;00m[38;5;250m [39m[34;01mdatetime[39;00m
[32m----> [39m[32m2[39m [38;5;28;01mimport[39;00m[38;5;250m [39m[34;01mpandas[39;00m[38;5;250m [39m[38;5;28;01mas[39;00m[38;5;250m [39m[34;01mpd[39;00m
[32m      3[39m [38;5;28;01mfrom[39;00m[38;5;250m [39m[34;01msocio4health[39;00m[38;5;250m [39m[38;5;28;01mimport[39;00m Extractor
[32m      4[39m [38;5;28;01mfrom[39;00m[38;5;250m [39m[34;01msocio4health[39;00m[34;01m.[39;00m[34;01menums[39;00m[34;01m.[39;00m[34;01mdata_info_enum[39;00m[38;5;250m [39m[38;5;28;01mimport[39;00m BraColnamesEnum, BraColspecsEnum

[36mFile [39m[32m/opt/hostedtoolcache/Python/3.12.11/x64/lib/python3.12/site-packages/pandas/__init__.py:22[39m
[32m     19[39m [38;5;28;01mdel[39;00m _hard_dependencies, _dependency, _missing_dependencies
[32m     21[39m [38;5;66;03m# numpy compat[39;00m
[32m---> [39m[32m22[39m [38;5;28;01mfrom[39;00m[38;5;250m [39m[34;01mpandas[39;00m[34;01m.[39;00m[34;01mcompat[39;00m[38;5;250m [39m[38;5;28;01mimport[39;00m is_numpy_dev [38;5;28;01mas[39;00m _is_numpy_dev  [38;5;66;03m# pyright: ignore # noqa:F401[39;00m
[32m     24[39m [38;5;28;01mtry[39;00m:
[32m     25[39m     [38;5;28;01mfrom[39;00m[38;5;250m [39m[34;01mpandas[39;00m[34;01m.[39;00m[34;01m_libs[39;00m[38;5;250m [39m[38;5;28;01mimport[39;00m hashtable [38;5;28;01mas[39;00m _hashtable, lib [38;5;28;01mas[39;00m _lib, tslib [38;5;28;01mas[39;00m _tslib

[36mFile [39m[32m/opt/hostedtoolcache/Python/3.12.11/x64/lib/python3.12/site-packages/pandas/compat/__init__.py:18[39m
[32m     15[39m [38;5;28;01mfrom[39;00m[38;5;250m [39m[34;01mtyping[39;00m[38;5;250m [39m[38;5;28;01mimport[39;00m TYPE_CHECKING
[32m     17[39m [38;5;28;01mfrom[39;00m[38;5;250m [39m[34;01mpandas[39;00m[34;01m.[39;00m[34;01m_typing[39;00m[38;5;250m [39m[38;5;28;01mimport[39;00m F
[32m---> [39m[32m18[39m [38;5;28;01mfrom[39;00m[38;5;250m [39m[34;01mpandas[39;00m[34;01m.[39;00m[34;01mcompat[39;00m[34;01m.[39;00m[34;01mnumpy[39;00m[38;5;250m [39m[38;5;28;01mimport[39;00m (
[32m     19[39m     is_numpy_dev,
[32m     20[39m     np_version_under1p21,
[32m     21[39m )
[32m     22[39m [38;5;28;01mfrom[39;00m[38;5;250m [39m[34;01mpandas[39;00m[34;01m.[39;00m[34;01mcompat[39;00m[34;01m.[39;00m[34;01mpyarrow[39;00m[38;5;250m [39m[38;5;28;01mimport[39;00m (
[32m     23[39m     pa_version_under1p01,
[32m     24[39m     pa_version_under2p0,
[32m   (...)[39m[32m     31[39m     pa_version_under9p0,
[32m     32[39m )
[32m     34[39m [38;5;28;01mif[39;00m TYPE_CHECKING:

[36mFile [39m[32m/opt/hostedtoolcache/Python/3.12.11/x64/lib/python3.12/site-packages/pandas/compat/numpy/__init__.py:4[39m
[32m      1[39m [33;03m""" support numpy compatibility across versions """[39;00m
[32m      2[39m [38;5;28;01mimport[39;00m[38;5;250m [39m[34;01mnumpy[39;00m[38;5;250m [39m[38;5;28;01mas[39;00m[38;5;250m [39m[34;01mnp[39;00m
[32m----> [39m[32m4[39m [38;5;28;01mfrom[39;00m[38;5;250m [39m[34;01mpandas[39;00m[34;01m.[39;00m[34;01mutil[39;00m[34;01m.[39;00m[34;01mversion[39;00m[38;5;250m [39m[38;5;28;01mimport[39;00m Version
[32m      6[39m [38;5;66;03m# numpy versioning[39;00m
[32m      7[39m _np_version = np.__version__

[36mFile [39m[32m/opt/hostedtoolcache/Python/3.12.11/x64/lib/python3.12/site-packages/pandas/util/__init__.py:2[39m
[32m      1[39m [38;5;66;03m# pyright: reportUnusedImport = false[39;00m
[32m----> [39m[32m2[39m [38;5;28;01mfrom[39;00m[38;5;250m [39m[34;01mpandas[39;00m[34;01m.[39;00m[34;01mutil[39;00m[34;01m.[39;00m[34;01m_decorators[39;00m[38;5;250m [39m[38;5;28;01mimport[39;00m (  [38;5;66;03m# noqa:F401[39;00m
[32m      3[39m     Appender,
[32m      4[39m     Substitution,
[32m      5[39m     cache_readonly,
[32m      6[39m )
[32m      8[39m [38;5;28;01mfrom[39;00m[38;5;250m [39m[34;01mpandas[39;00m[34;01m.[39;00m[34;01mcore[39;00m[34;01m.[39;00m[34;01mutil[39;00m[34;01m.[39;00m[34;01mhashing[39;00m[38;5;250m [39m[38;5;28;01mimport[39;00m (  [38;5;66;03m# noqa:F401[39;00m
[32m      9[39m     hash_array,
[32m     10[39m     hash_pandas_object,
[32m     11[39m )
[32m     14[39m [38;5;28;01mdef[39;00m[38;5;250m [39m[34m__getattr__[39m(name):

[36mFile [39m[32m/opt/hostedtoolcache/Python/3.12.11/x64/lib/python3.12/site-packages/pandas/util/_decorators.py:14[39m
[32m      6[39m [38;5;28;01mfrom[39;00m[38;5;250m [39m[34;01mtyping[39;00m[38;5;250m [39m[38;5;28;01mimport[39;00m (
[32m      7[39m     Any,
[32m      8[39m     Callable,
[32m      9[39m     Mapping,
[32m     10[39m     cast,
[32m     11[39m )
[32m     12[39m [38;5;28;01mimport[39;00m[38;5;250m [39m[34;01mwarnings[39;00m
[32m---> [39m[32m14[39m [38;5;28;01mfrom[39;00m[38;5;250m [39m[34;01mpandas[39;00m[34;01m.[39;00m[34;01m_libs[39;00m[34;01m.[39;00m[34;01mproperties[39;00m[38;5;250m [39m[38;5;28;01mimport[39;00m cache_readonly
[32m     15[39m [38;5;28;01mfrom[39;00m[38;5;250m [39m[34;01mpandas[39;00m[34;01m.[39;00m[34;01m_typing[39;00m[38;5;250m [39m[38;5;28;01mimport[39;00m (
[32m     16[39m     F,
[32m     17[39m     T,
[32m     18[39m )
[32m     19[39m [38;5;28;01mfrom[39;00m[38;5;250m [39m[34;01mpandas[39;00m[34;01m.[39;00m[34;01mutil[39;00m[34;01m.[39;00m[34;01m_exceptions[39;00m[38;5;250m [39m[38;5;28;01mimport[39;00m find_stack_level

[36mFile [39m[32m/opt/hostedtoolcache/Python/3.12.11/x64/lib/python3.12/site-packages/pandas/_libs/__init__.py:13[39m
[32m      1[39m __all__ = [
[32m      2[39m     [33m"[39m[33mNaT[39m[33m"[39m,
[32m      3[39m     [33m"[39m[33mNaTType[39m[33m"[39m,
[32m   (...)[39m[32m      9[39m     [33m"[39m[33mInterval[39m[33m"[39m,
[32m     10[39m ]
[32m---> [39m[32m13[39m [38;5;28;01mfrom[39;00m[38;5;250m [39m[34;01mpandas[39;00m[34;01m.[39;00m[34;01m_libs[39;00m[34;01m.[39;00m[34;01minterval[39;00m[38;5;250m [39m[38;5;28;01mimport[39;00m Interval
[32m     14[39m [38;5;28;01mfrom[39;00m[38;5;250m [39m[34;01mpandas[39;00m[34;01m.[39;00m[34;01m_libs[39;00m[34;01m.[39;00m[34;01mtslibs[39;00m[38;5;250m [39m[38;5;28;01mimport[39;00m (
[32m     15[39m     NaT,
[32m     16[39m     NaTType,
[32m   (...)[39m[32m     21[39m     iNaT,
[32m     22[39m )

[36mFile [39m[32m/opt/hostedtoolcache/Python/3.12.11/x64/lib/python3.12/site-packages/pandas/_libs/interval.pyx:1[39m, in [36minit pandas._libs.interval[39m[34m()[39m

[31mValueError[39m: numpy.dtype size changed, may indicate binary incompatibility. Expected 96 from C header, got 88 from PyObject

